<?xml version="1.0" encoding="UTF-8"?>
<!-- Generated by org.testng.reporters.JUnitXMLReporter -->
<testsuite ignored="1" hostname="LAPTOP-GDGOH5RM" failures="0" tests="1" name="Default test" time="17.914" errors="0" timestamp="2025-07-15T16:48:46 IST">
  <testcase classname="in.Testcases.HelloCanadaLogin" name="testInvalidData" time="9.19"/>
  <testcase classname="in.Testcases.HelloCanadaLogin" name="testEmptySubmission" time="0.0">
    <ignored/>
  </testcase> <!-- testEmptySubmission -->
</testsuite> <!-- Default test -->
