<?xml version="1.0" encoding="UTF-8"?>
<testng-results ignored="0" total="4" passed="4" failed="0" skipped="0">
  <reporter-output>
  </reporter-output>
  <suite started-at="2025-07-16T18:41:41 IST" name="Suite" finished-at="2025-07-16T18:41:49 IST" duration-ms="8943">
    <groups>
    </groups>
    <test started-at="2025-07-16T18:41:41 IST" name="EdgeTest" finished-at="2025-07-16T18:41:49 IST" duration-ms="8443">
      <class name="in.Testcases.ParallelTesting">
        <test-method is-config="true" signature="setup()[pri:0, instance:in.Testcases.ParallelTesting@510f3d34]" started-at="2025-07-16T18:41:41 IST" name="setup" finished-at="2025-07-16T18:41:45 IST" duration-ms="4118" status="PASS">
          <reporter-output>
          </reporter-output>
        </test-method> <!-- setup -->
        <test-method signature="testlogin()[pri:1, instance:in.Testcases.ParallelTesting@510f3d34]" started-at="2025-07-16T18:41:45 IST" name="testlogin" finished-at="2025-07-16T18:41:49 IST" duration-ms="4044" status="PASS">
          <reporter-output>
          </reporter-output>
        </test-method> <!-- testlogin -->
        <test-method signature="testcurreturl()[pri:2, instance:in.Testcases.ParallelTesting@510f3d34]" started-at="2025-07-16T18:41:49 IST" name="testcurreturl" finished-at="2025-07-16T18:41:49 IST" duration-ms="10" status="PASS">
          <reporter-output>
          </reporter-output>
        </test-method> <!-- testcurreturl -->
        <test-method is-config="true" signature="teardown()[pri:0, instance:in.Testcases.ParallelTesting@510f3d34]" started-at="2025-07-16T18:41:49 IST" name="teardown" finished-at="2025-07-16T18:41:49 IST" duration-ms="199" status="PASS">
          <reporter-output>
          </reporter-output>
        </test-method> <!-- teardown -->
      </class> <!-- in.Testcases.ParallelTesting -->
    </test> <!-- EdgeTest -->
    <test started-at="2025-07-16T18:41:41 IST" name="ChromeTest" finished-at="2025-07-16T18:41:49 IST" duration-ms="8943">
      <class name="in.Testcases.ParallelTesting">
        <test-method is-config="true" signature="setup()[pri:0, instance:in.Testcases.ParallelTesting@43bc63a3]" started-at="2025-07-16T18:41:41 IST" name="setup" finished-at="2025-07-16T18:41:45 IST" duration-ms="4550" status="PASS">
          <reporter-output>
          </reporter-output>
        </test-method> <!-- setup -->
        <test-method signature="testlogin()[pri:1, instance:in.Testcases.ParallelTesting@43bc63a3]" started-at="2025-07-16T18:41:45 IST" name="testlogin" finished-at="2025-07-16T18:41:49 IST" duration-ms="4002" status="PASS">
          <reporter-output>
          </reporter-output>
        </test-method> <!-- testlogin -->
        <test-method signature="testcurreturl()[pri:2, instance:in.Testcases.ParallelTesting@43bc63a3]" started-at="2025-07-16T18:41:49 IST" name="testcurreturl" finished-at="2025-07-16T18:41:49 IST" duration-ms="13" status="PASS">
          <reporter-output>
          </reporter-output>
        </test-method> <!-- testcurreturl -->
        <test-method is-config="true" signature="teardown()[pri:0, instance:in.Testcases.ParallelTesting@43bc63a3]" started-at="2025-07-16T18:41:49 IST" name="teardown" finished-at="2025-07-16T18:41:49 IST" duration-ms="359" status="PASS">
          <reporter-output>
          </reporter-output>
        </test-method> <!-- teardown -->
      </class> <!-- in.Testcases.ParallelTesting -->
    </test> <!-- ChromeTest -->
  </suite> <!-- Suite -->
</testng-results>
