<?xml version="1.0" encoding="UTF-8"?>
<testng-results ignored="1" total="2" passed="1" failed="0" skipped="0">
  <reporter-output>
  </reporter-output>
  <suite started-at="2025-07-15T16:48:28 IST" name="Default suite" finished-at="2025-07-15T16:48:46 IST" duration-ms="17914">
    <groups>
    </groups>
    <test started-at="2025-07-15T16:48:28 IST" name="Default test" finished-at="2025-07-15T16:48:46 IST" duration-ms="17914">
      <class name="in.Testcases.HelloCanadaLogin">
        <test-method is-config="true" signature="setup()[pri:0, instance:in.Testcases.HelloCanadaLogin@45752059]" started-at="2025-07-15T16:48:28 IST" name="setup" finished-at="2025-07-15T16:48:31 IST" duration-ms="3372" status="PASS">
          <reporter-output>
          </reporter-output>
        </test-method> <!-- setup -->
        <test-method signature="testInvalidData()[pri:0, instance:in.Testcases.HelloCanadaLogin@45752059]" started-at="2025-07-15T16:48:31 IST" name="testInvalidData" finished-at="2025-07-15T16:48:41 IST" duration-ms="9190" status="PASS">
          <reporter-output>
          </reporter-output>
        </test-method> <!-- testInvalidData -->
        <test-method is-config="true" signature="finish()[pri:0, instance:in.Testcases.HelloCanadaLogin@45752059]" started-at="2025-07-15T16:48:41 IST" name="finish" finished-at="2025-07-15T16:48:46 IST" duration-ms="5306" status="PASS">
          <reporter-output>
          </reporter-output>
        </test-method> <!-- finish -->
      </class> <!-- in.Testcases.HelloCanadaLogin -->
    </test> <!-- Default test -->
  </suite> <!-- Default suite -->
</testng-results>
