<?xml version="1.0" encoding="UTF-8"?>
<!-- Generated by org.testng.reporters.JUnitXMLReporter -->
<testsuite ignored="0" hostname="LAPTOP-GDGOH5RM" failures="0" tests="3" name="LoginTest" time="7.536" errors="0" timestamp="2025-08-05T17:31:33 IST">
  <testcase classname="in.Testcases.LoginFunctionalityTest" name="positive_LoginTest" time="4.376"/>
  <testcase classname="in.Testcases.LoginFunctionalityTest" name="negative_UsernameTest" time="0.666"/>
  <testcase classname="in.Testcases.LoginFunctionalityTest" name="negative_PasswordTest" time="0.794"/>
</testsuite> <!-- LoginTest -->
